<?xml version="1.0" encoding="UTF-8"?>
<!-- Generated by org.testng.reporters.JUnitXMLReporter -->
<testsuite hostname="DESKTOP-SHP5I9E" failures="1" tests="1" name="Login-LoginToSFDC" time="5.999" errors="0" timestamp="30 Jul 2023 12:04:32 GMT">
  <testcase classname="com.training.TestCases.LoginTest" name="CheckLoginError" time="0.206">
    <failure type="java.lang.NullPointerException" message="Cannot invoke &amp;quot;org.openqa.selenium.WebElement.getText()&amp;quot; because &amp;quot;element&amp;quot; is null">
      <![CDATA[java.lang.NullPointerException: Cannot invoke "org.openqa.selenium.WebElement.getText()" because "element" is null
	at com.training.Pages.LoginPage.gettext(LoginPage.java:65)
	at com.training.TestCases.LoginTest.CheckLoginError(LoginTest.java:55)
... Removed 24 stack frames]]>
    </failure>
  </testcase> <!-- CheckLoginError -->
</testsuite> <!-- Login-LoginToSFDC -->
